0 info it worked if it ends with ok
1 verbose cli [ '/usr/local/Cellar/node/5.0.0/bin/node',
1 verbose cli   '/usr/local/bin/npm',
1 verbose cli   'publish' ]
2 info using npm@3.3.9
3 info using node@v5.0.0
4 verbose publish [ '.' ]
5 silly cache add args [ '.', null ]
6 verbose cache add spec .
7 silly cache add parsed spec Result {
7 silly cache add   raw: '.',
7 silly cache add   scope: null,
7 silly cache add   name: null,
7 silly cache add   rawSpec: '.',
7 silly cache add   spec: '/Users/szupingwang/Documents/cnyes/slide/2017-survey-api-bitbucket',
7 silly cache add   type: 'directory' }
8 verbose addLocalDirectory /Users/szupingwang/.npm/shower/2.1.1/package.tgz not in flight; packing
9 info lifecycle shower@2.1.1~prepublish: shower@2.1.1
10 silly lifecycle shower@2.1.1~prepublish: no script for prepublish, continuing
11 verbose tar pack [ '/Users/szupingwang/.npm/shower/2.1.1/package.tgz',
11 verbose tar pack   '/Users/szupingwang/Documents/cnyes/slide/2017-survey-api-bitbucket' ]
12 verbose tarball /Users/szupingwang/.npm/shower/2.1.1/package.tgz
13 verbose folder /Users/szupingwang/Documents/cnyes/slide/2017-survey-api-bitbucket
14 verbose addLocalTarball adding from inside cache /Users/szupingwang/.npm/shower/2.1.1/package.tgz
15 silly cache afterAdd shower@2.1.1
16 verbose afterAdd /Users/szupingwang/.npm/shower/2.1.1/package/package.json not in flight; writing
17 verbose afterAdd /Users/szupingwang/.npm/shower/2.1.1/package/package.json written
18 silly publish { name: 'shower',
18 silly publish   description: 'Shower HTML presentation engine',
18 silly publish   version: '2.1.1',
18 silly publish   author: { name: 'Vadim Makeev', url: 'http://pepelsbey.net/' },
18 silly publish   homepage: 'https://github.com/shower/shower',
18 silly publish   repository: { type: 'git', url: 'git://github.com/shower/shower.git' },
18 silly publish   bugs: { url: 'http://github.com/shower/shower/issues' },
18 silly publish   license: 'MIT',
18 silly publish   keywords: [ 'shower', 'presentation', 'template' ],
18 silly publish   files: [ 'pictures/**', 'index.html', 'LICENSE.md', 'README.md' ],
18 silly publish   dependencies:
18 silly publish    { 'shower-core': '^2.0.6',
18 silly publish      'shower-material': '^1.0.4',
18 silly publish      'shower-ribbon': '^2.0.5' },
18 silly publish   devDependencies:
18 silly publish    { del: '^2.2.0',
18 silly publish      fs: '0.0.2',
18 silly publish      gulp: '^3.9.1',
18 silly publish      'gulp-gh-pages': '^0.5.4',
18 silly publish      'gulp-rename': '^1.2.2',
18 silly publish      'gulp-replace': '^0.5.4',
18 silly publish      'gulp-rsync': '0.0.6',
18 silly publish      'gulp-zip': '^3.2.0',
18 silly publish      'merge-stream': '^1.0.0',
18 silly publish      'run-sequence': '^1.1.5' },
18 silly publish   scripts:
18 silly publish    { prepare: 'gulp prepare',
18 silly publish      archive: 'gulp archive',
18 silly publish      publish: 'gulp publish' },
18 silly publish   readme: '# API Survey - Firebase Realtime Database\n\n* The Goal of API Survey\n* What is RESTful API ?\n* What is REST ?\n* The Effection to the API Design\n* Firebase Realtime Database API\n    * Introduction to Firebase\n\t* HTTP Method\n\t* Resource Path\n\t* HTTP Status Code\n\t* Response Payload\n\t* Pros and Cons\n\t* Playground: Realtime Marks on an Article\n',
18 silly publish   readmeFilename: 'README.md',
18 silly publish   gitHead: 'aa8d9ce88068bae667908bd98bf836afd07e1a88',
18 silly publish   _id: 'shower@2.1.1',
18 silly publish   _shasum: 'b0d944ef48e4741483af9c68775084053baece2d',
18 silly publish   _from: '.' }
19 verbose getPublishConfig undefined
20 silly mapToRegistry name shower
21 silly mapToRegistry using default registry
22 silly mapToRegistry registry https://registry.npmjs.org/
23 silly mapToRegistry uri https://registry.npmjs.org/shower
24 verbose publish registryBase https://registry.npmjs.org/
25 silly publish uploading /Users/szupingwang/.npm/shower/2.1.1/package.tgz
26 verbose stack Error: auth required for publishing
26 verbose stack     at CachingRegistryClient.publish (/usr/local/lib/node_modules/npm/node_modules/npm-registry-client/lib/publish.js:30:14)
26 verbose stack     at /usr/local/lib/node_modules/npm/lib/publish.js:137:14
26 verbose stack     at mapToRegistry (/usr/local/lib/node_modules/npm/lib/utils/map-to-registry.js:55:3)
26 verbose stack     at publish_ (/usr/local/lib/node_modules/npm/lib/publish.js:106:3)
26 verbose stack     at Array.<anonymous> (/usr/local/lib/node_modules/npm/node_modules/slide/lib/bind-actor.js:15:8)
26 verbose stack     at LOOP (/usr/local/lib/node_modules/npm/node_modules/slide/lib/chain.js:15:14)
26 verbose stack     at LOOP (/usr/local/lib/node_modules/npm/node_modules/slide/lib/chain.js:14:28)
26 verbose stack     at chain (/usr/local/lib/node_modules/npm/node_modules/slide/lib/chain.js:20:5)
26 verbose stack     at /usr/local/lib/node_modules/npm/lib/publish.js:72:5
26 verbose stack     at RES (/usr/local/lib/node_modules/npm/node_modules/inflight/inflight.js:23:14)
27 verbose cwd /Users/szupingwang/Documents/cnyes/slide/2017-survey-api-bitbucket
28 error Darwin 14.5.0
29 error argv "/usr/local/Cellar/node/5.0.0/bin/node" "/usr/local/bin/npm" "publish"
30 error node v5.0.0
31 error npm  v3.3.9
32 error code ENEEDAUTH
33 error need auth auth required for publishing
33 error need auth You need to authorize this machine using `npm adduser`
34 verbose exit [ 1, true ]
